<?xml version="1.0" encoding="UTF-8"?>
<!-- Generated by org.testng.reporters.JUnitXMLReporter -->
<testsuite ignored="0" hostname="DESKTOP-Q9L67T7" failures="2" tests="2" name="Default test" time="0.588" errors="0" timestamp="2025-03-08T09:37:44 IST">
  <testcase classname="io.cucumber.testng.AbstractTestNGCucumberTests" name="runScenario" time="0.074">
    <failure type="java.lang.NullPointerException" message="Cannot invoke &amp;quot;org.openqa.selenium.WebDriver.get(String)&amp;quot; because &amp;quot;com.wipro.Stepdef.SigninStepDiff.driver&amp;quot; is null">
      <![CDATA[java.lang.NullPointerException: Cannot invoke "org.openqa.selenium.WebDriver.get(String)" because "com.wipro.Stepdef.SigninStepDiff.driver" is null
at com.wipro.Stepdef.SigninStepDiff.i_navigate_to_the_sign_in_page(SigninStepDiff.java:14)
at ✽.I navigate to the sign-in page(file:///E:/workspace/RedDiffBdd/src/test/resources/feature/Signin.feature:3)
]]>
    </failure>
  </testcase> <!-- runScenario -->
  <testcase classname="io.cucumber.testng.AbstractTestNGCucumberTests" name="runScenario" time="0.01">
    <failure type="java.lang.NullPointerException" message="Cannot invoke &amp;quot;org.openqa.selenium.WebDriver.get(String)&amp;quot; because &amp;quot;com.wipro.Stepdef.SigninStepDiff.driver&amp;quot; is null">
      <![CDATA[java.lang.NullPointerException: Cannot invoke "org.openqa.selenium.WebDriver.get(String)" because "com.wipro.Stepdef.SigninStepDiff.driver" is null
at com.wipro.Stepdef.SigninStepDiff.i_navigate_to_the_sign_in_page(SigninStepDiff.java:14)
at ✽.I navigate to the sign-in page(file:///E:/workspace/RedDiffBdd/src/test/resources/feature/Signin.feature:3)
]]>
    </failure>
  </testcase> <!-- runScenario -->
</testsuite> <!-- Default test -->
