<?xml version="1.0" encoding="UTF-8"?>
<testng-results ignored="0" total="2" passed="0" failed="2" skipped="0">
  <reporter-output>
  </reporter-output>
  <suite started-at="2025-03-08T09:37:43 IST" name="Default suite" finished-at="2025-03-08T09:37:44 IST" duration-ms="588">
    <groups>
      <group name="cucumber">
        <method signature="AbstractTestNGCucumberTests.runScenario(io.cucumber.testng.PickleWrapper,io.cucumber.testng.FeatureWrapper)[pri:0, instance:com.wipro.Stepdef.SigninTestRunner@3f4faf53]" name="runScenario" class="io.cucumber.testng.AbstractTestNGCucumberTests"/>
      </group> <!-- cucumber -->
    </groups>
    <test started-at="2025-03-08T09:37:43 IST" name="Default test" finished-at="2025-03-08T09:37:44 IST" duration-ms="588">
      <class name="com.wipro.Stepdef.SigninTestRunner">
        <test-method is-config="true" signature="setUpClass(org.testng.ITestContext)[pri:0, instance:com.wipro.Stepdef.SigninTestRunner@3f4faf53]" started-at="2025-03-08T09:37:43 IST" name="setUpClass" finished-at="2025-03-08T09:37:43 IST" duration-ms="400" status="PASS">
          <params>
            <param index="0">
              <value>
                <![CDATA[org.testng.TestRunner@2a037324]]>
              </value>
            </param>
          </params>
          <reporter-output>
          </reporter-output>
        </test-method> <!-- setUpClass -->
        <test-method signature="runScenario(io.cucumber.testng.PickleWrapper,io.cucumber.testng.FeatureWrapper)[pri:0, instance:com.wipro.Stepdef.SigninTestRunner@3f4faf53]" started-at="2025-03-08T09:37:43 IST" name="runScenario" description="Runs Cucumber Scenarios" data-provider="scenarios" finished-at="2025-03-08T09:37:43 IST" duration-ms="74" status="FAIL">
          <params>
            <param index="0">
              <value>
                <![CDATA["Login with correct username and correct password"]]>
              </value>
            </param>
            <param index="1">
              <value>
                <![CDATA["Rediff Sign-in"]]>
              </value>
            </param>
          </params>
          <exception class="java.lang.NullPointerException">
            <message>
              <![CDATA[Cannot invoke "org.openqa.selenium.WebDriver.get(String)" because "com.wipro.Stepdef.SigninStepDiff.driver" is null]]>
            </message>
            <full-stacktrace>
              <![CDATA[java.lang.NullPointerException: Cannot invoke "org.openqa.selenium.WebDriver.get(String)" because "com.wipro.Stepdef.SigninStepDiff.driver" is null
at com.wipro.Stepdef.SigninStepDiff.i_navigate_to_the_sign_in_page(SigninStepDiff.java:14)
at ✽.I navigate to the sign-in page(file:///E:/workspace/RedDiffBdd/src/test/resources/feature/Signin.feature:3)
]]>
            </full-stacktrace>
          </exception> <!-- java.lang.NullPointerException -->
          <reporter-output>
          </reporter-output>
        </test-method> <!-- runScenario -->
        <test-method signature="runScenario(io.cucumber.testng.PickleWrapper,io.cucumber.testng.FeatureWrapper)[pri:0, instance:com.wipro.Stepdef.SigninTestRunner@3f4faf53]" started-at="2025-03-08T09:37:43 IST" name="runScenario" description="Runs Cucumber Scenarios" data-provider="scenarios" finished-at="2025-03-08T09:37:43 IST" duration-ms="10" status="FAIL">
          <params>
            <param index="0">
              <value>
                <![CDATA["Login with correct username and correct password"]]>
              </value>
            </param>
            <param index="1">
              <value>
                <![CDATA["Rediff Sign-in"]]>
              </value>
            </param>
          </params>
          <exception class="java.lang.NullPointerException">
            <message>
              <![CDATA[Cannot invoke "org.openqa.selenium.WebDriver.get(String)" because "com.wipro.Stepdef.SigninStepDiff.driver" is null]]>
            </message>
            <full-stacktrace>
              <![CDATA[java.lang.NullPointerException: Cannot invoke "org.openqa.selenium.WebDriver.get(String)" because "com.wipro.Stepdef.SigninStepDiff.driver" is null
at com.wipro.Stepdef.SigninStepDiff.i_navigate_to_the_sign_in_page(SigninStepDiff.java:14)
at ✽.I navigate to the sign-in page(file:///E:/workspace/RedDiffBdd/src/test/resources/feature/Signin.feature:3)
]]>
            </full-stacktrace>
          </exception> <!-- java.lang.NullPointerException -->
          <reporter-output>
          </reporter-output>
        </test-method> <!-- runScenario -->
        <test-method is-config="true" signature="tearDownClass()[pri:0, instance:com.wipro.Stepdef.SigninTestRunner@3f4faf53]" started-at="2025-03-08T09:37:44 IST" name="tearDownClass" finished-at="2025-03-08T09:37:44 IST" duration-ms="69" status="PASS">
          <reporter-output>
          </reporter-output>
        </test-method> <!-- tearDownClass -->
      </class> <!-- com.wipro.Stepdef.SigninTestRunner -->
    </test> <!-- Default test -->
  </suite> <!-- Default suite -->
</testng-results>
